<?xml version="1.0" encoding="UTF-8"?>
<!-- Generated by org.testng.reporters.JUnitReportReporter -->
<testsuite skipped="0" hostname="DESKTOP-IEF8SQP" name="testCases.TC_001" tests="1" failures="0" timestamp="2020-06-17T13:51:35 IST" time="0.010" errors="0">
  <testcase name="test" time="0.010" classname="testCases.TC_001"/>
  <system-out/>
</testsuite> <!-- testCases.TC_001 -->
